{"message":{"userName":"5e0b304da6925720970f654b","transId":"5df0e34e2dffde001728d8cb","activity":"Buy Currency","amount":"5000","currency":"dollars","status":""},"level":"info","timestamp":"2020-04-16T23:38:20.532Z"}
{"message":{"userName":"5e0b304da6925720970f654b","transId":"5df0e34e2dffde001728d8cb","activity":"Buy Currency","amount":"5000","currency":"dollars","status":""},"level":"info","timestamp":"2020-04-16T23:43:08.784Z"}
{"message":{"userName":"5e0b304da6925720970f654b","transId":"5df0e34e2dffde001728d8cb","activity":"Buy Currency","amount":"5000","currency":"dollars","status":"pending"},"level":"info","timestamp":"2020-05-09T19:20:31.844Z"}
{"message":{"userName":"5df2eca0064aa41473f8e552","transId":"5df0e34e2dffde001728d8cb","activity":"Buy Currency","amount":"5000","currency":"dollars","status":"pending"},"level":"info","timestamp":"2020-05-09T19:25:23.736Z"}
{"message":{"userName":"5df2eca0064aa41473f8e552","transId":"5df0e34e2dffde001728d8cb","activity":"Buy Currency","amount":"5000","currency":"dollars","status":"pending"},"level":"info","timestamp":"2020-05-09T19:41:02.724Z"}
{"message":{"userName":"5df2eca9064aa41473f8e553","transId":"5df0e34e2dffde001728d8cb","activity":"Buy Currency","amount":"5000","currency":"dollars","status":"pending"},"level":"info","timestamp":"2020-05-18T09:23:23.414Z"}
{"message":{"userName":"5df2eca9064aa41473f8e553","transId":"5df0e34e2dffde001728d8cb","activity":"Buy Currency","amount":"5000","currency":"dollars","status":"pending"},"level":"info","timestamp":"2020-05-18T09:25:33.926Z"}
{"message":{"userName":"5df2eca9064aa41473f8e553","transId":"5df0e34e2dffde001728d8cb","activity":"Buy Currency","amount":"5000","currency":"dollars","status":"pending"},"level":"info","timestamp":"2020-05-18T09:26:25.763Z"}
{"message":{"userName":"5df2eca9064aa41473f8e553","transId":"5df0e34e2dffde001728d8cb","activity":"Buy Currency","amount":"5000","currency":"dollars","status":"pending"},"level":"info","timestamp":"2020-05-18T09:37:11.497Z"}
{"message":{"userName":"5df2eca9064aa41473f8e553","transId":"5df0e34e2dffde001728d8cb","activity":"Buy Currency","amount":"5000","currency":"dollars","status":"pending"},"level":"info","timestamp":"2020-05-18T09:54:21.525Z"}
{"message":{"userName":"5df2eca9064aa41473f8e553","transId":"5df0e34e2dffde001728d8cb","activity":"Buy Currency","amount":"5000","currency":"dollars","status":"pending"},"level":"info","timestamp":"2020-05-18T10:01:23.058Z"}
{"message":{"userName":"5df2eca9064aa41473f8e553","transId":"5df0e34e2dffde001728d8cb","activity":"Buy Currency","amount":"5000","currency":"dollars","status":"pending"},"level":"info","timestamp":"2020-05-18T10:02:14.527Z"}
{"message":{"userName":"5df2eca9064aa41473f8e553","transId":"5df0e34e2dffde001728d8cb","activity":"Buy Currency","amount":"5000","currency":"dollars","status":"pending"},"level":"info","timestamp":"2020-05-18T10:12:23.480Z"}
{"message":{"userName":"5df2eca9064aa41473f8e553","transId":"5df0e34e2dffde001728d8cb","activity":"Buy Currency","amount":"5000","currency":"dollars","status":"pending"},"level":"info","timestamp":"2020-05-18T10:15:12.626Z"}
{"message":{"userName":"5df2eca9064aa41473f8e553","transId":"5df0e34e2dffde001728d8cb","activity":"Buy Currency","amount":"5000","currency":"dollars","status":"pending"},"level":"info","timestamp":"2020-05-18T10:15:41.782Z"}
{"message":{"userName":"5df2eca9064aa41473f8e553","transId":"5df0e34e2dffde001728d8cb","activity":"Buy Currency","amount":"5000","currency":"dollars","status":"pending"},"level":"info","timestamp":"2020-05-18T10:16:28.921Z"}
{"message":{"userName":"5df2eca9064aa41473f8e553","transId":"5df0e34e2dffde001728d8cb","activity":"Buy Currency","amount":"5000","currency":"dollars","status":"pending"},"level":"info","timestamp":"2020-05-18T10:17:43.487Z"}
{"message":{"userName":"5df2eca9064aa41473f8e553","transId":"5df0e34e2dffde001728d8cb","activity":"Buy Currency","amount":"5000","currency":"dollars","status":"pending"},"level":"info","timestamp":"2020-05-18T10:19:16.232Z"}
{"message":{"userName":"5df2eca9064aa41473f8e553","transId":"5df0e34e2dffde001728d8cb","activity":"Buy Currency","amount":"5000","currency":"dollars","status":"pending"},"level":"info","timestamp":"2020-05-18T10:19:40.166Z"}
{"message":{"userName":"5df2eca9064aa41473f8e553","transId":"5df0e34e2dffde001728d8cb","activity":"Buy Currency","amount":"5000","currency":"dollars","status":"pending"},"level":"info","timestamp":"2020-05-18T10:54:24.021Z"}
{"message":{"userName":"5df2eca9064aa41473f8e553","transId":"5df0e34e2dffde001728d8cb","activity":"Buy Currency","amount":"5000","currency":"dollars","status":"pending"},"level":"info","timestamp":"2020-05-18T11:18:23.230Z"}
{"message":{"userName":"5df2eca9064aa41473f8e553","transId":"5df0e34e2dffde001728d8cb","activity":"Buy Currency","amount":"5000","currency":"dollars","status":"pending"},"level":"info","timestamp":"2020-05-18T11:23:25.984Z"}
{"message":{"userName":"5df2eca9064aa41473f8e553","transId":"5df0e34e2dffde001728d8cb","activity":"Buy Currency","amount":"5000","currency":"dollars","status":"pending"},"level":"info","timestamp":"2020-05-18T11:24:18.381Z"}
{"message":{"userName":"5df2eca9064aa41473f8e553","transId":"5df0e34e2dffde001728d8cb","activity":"Buy Currency","amount":"5000","currency":"dollars","status":"pending"},"level":"info","timestamp":"2020-05-18T11:31:53.235Z"}
{"message":{"userName":"5ec1a6806125211cbad77237","transId":"5df0e34e2dffde001728d8cb","activity":"Buy Currency","amount":"5000","currency":"dollars","status":"pending"},"level":"info","timestamp":"2020-05-18T11:37:42.938Z"}
{"message":{"userName":"5ec1a6806125211cbad77237","transId":"5df0e34e2dffde001728d8cb","activity":"Buy Currency","amount":"5000","currency":"dollars","status":"pending"},"level":"info","timestamp":"2020-05-18T11:53:42.505Z"}
{"message":{"userName":"5df2eca9064aa41473f8e553","transId":"5df0e34e2dffde001728d8cb","activity":"Buy Currency","amount":"5000","currency":"dollars","status":"pending"},"level":"info","timestamp":"2020-05-18T12:02:08.327Z"}
{"message":{"userName":"5ec1a6806125211cbad77237","transId":"5df0e34e2dffde001728d8cb","activity":"Buy Currency","amount":"5000","currency":"dollars","status":"pending"},"level":"info","timestamp":"2020-05-18T12:04:00.186Z"}
{"message":{"firstname":"sayiliyas","email":"sundaysayil4u@gmail.com","refference":"BCD/5/20/2020/5ec53d4d528d3c3f6b18eb1e","activity":"Buy Currency","amount":"5000","currency":"dollars","status":"pending"},"level":"info","timestamp":"2020-05-20T14:23:15.036Z"}
{"message":{"firstname":"sayiliyas","email":"sundaysayil4u@gmail.com","refference":"BDC/5/28/2020/5ecfa99254d80f0c69a9cf7a","activity":"Buy Currency","amount":"5000","currency":"dollars","status":"pending"},"level":"info","timestamp":"2020-05-28T12:09:13.402Z"}
{"message":{"firstname":"sayiliyas","email":"sundaysayil4u@gmail.com","refference":"BDC/07/05/2021/6095448065c2c1bbfe4abc79","activity":"Buy Currency","amount":"5000","currency":"dollars","status":"pending"},"level":"info","timestamp":"2021-05-07T17:53:02.410Z"}
{"message":{"firstname":"sayiliyas","email":"sundaysayil4u@gmail.com","refference":"BDC/08/05/2021/60963c77be843fe947893404","activity":"Buy Currency","amount":"250","currency":"naira","status":"pending"},"level":"info","timestamp":"2021-05-08T07:24:27.565Z"}
{"message":{"firstname":"sayiliyas","email":"sundaysayil4u@gmail.com","refference":"BDC/13/05/2021/609cde344242fd566bfb0dc2","activity":"Buy Currency","amount":"250","currency":"naira","status":"pending"},"level":"info","timestamp":"2021-05-13T08:08:07.978Z"}
{"message":{"firstname":"sayiliyas","email":"sundaysayil4u@gmail.com","refference":"BDC/13/05/2021/609cde9d38750b57191c8c10","activity":"Buy Currency","amount":"250","currency":"naira","status":"pending"},"level":"info","timestamp":"2021-05-13T08:09:03.705Z"}
{"message":{"firstname":"sayiliyas","email":"sundaysayil4u@gmail.com","refference":"BCD/23/05/2021/60aa3ed377fc33268eff5083","activity":"Buy Currency","amount":"250","currency":"naira","status":"pending"},"level":"info","timestamp":"2021-05-23T11:39:01.146Z"}
{"message":{"firstname":"sayiliyas","email":"sundaysayil4u@gmail.com","refference":"BCD/23/05/2021/60aa3ed377fc33268eff5083","activity":"Buy Currency","amount":"250","currency":"naira","status":"pending"},"level":"info","timestamp":"2021-05-23T11:39:53.538Z"}
{"message":{"firstname":"sayiliyas","email":"sundaysayil4u@gmail.com","refference":"BCD/23/05/2021/60aa40f427f48a294403f479","activity":"Buy Currency","amount":"250","currency":"naira","status":"pending"},"level":"info","timestamp":"2021-05-23T11:49:27.334Z"}
